<?xml version="1.0" encoding="UTF-8"?>
<!-- Generated by org.testng.reporters.JUnitXMLReporter -->
<testsuite ignored="2" hostname="LAPTOP-JH6L6V8L" failures="0" tests="2" name="Chrome_Test" time="1.315" errors="0" timestamp="2023-05-29T12:07:57 IST">
  <testcase classname="com.travel.ujetix.TourPackage.Test.CreateTourPackageTest" name="createTourPackageTest" time="0.0">
    <skipped/>
  </testcase> <!-- createTourPackageTest -->
  <testcase classname="com.travel.ujetix.TourPackage.Test.BookTourPackageTest" name="bookTourPackageTest" time="0.0">
    <skipped/>
  </testcase> <!-- bookTourPackageTest -->
  <testcase classname="ujetix.GenericUtility.BaseClass" name="@AfterSuite config_AS" time="0.0">
    <ignored/>
  </testcase> <!-- @AfterSuite config_AS -->
  <testcase classname="ujetix.GenericUtility.BaseClass" name="@BeforeSuite config_BS" time="0.0">
    <ignored/>
  </testcase> <!-- @BeforeSuite config_BS -->
</testsuite> <!-- Chrome_Test -->
