<?xml version="1.0" encoding="UTF-8"?>
<!-- Generated by org.testng.reporters.JUnitXMLReporter -->
<testsuite ignored="14" hostname="LAPTOP-JH6L6V8L" failures="0" tests="8" name="Test" time="69.53" errors="0" timestamp="2023-05-31T11:47:03 IST">
  <testcase classname="com.travel.ujetix.TourPackage.Test.BookTourPackageTest" name="bookTourPackageTest" time="28.185"/>
  <testcase classname="com.travel.ujetix.SignUp.Test.CreateUserAndUpdateUsernameTest" name="createUserAndUpdateUsernameTest" time="32.958"/>
  <testcase classname="com.travel.ujetix.TourPackage.Test.CreatePackageAndEnquiryForItTest" name="createPackageAndEnquiryForItTest" time="37.359"/>
  <testcase classname="com.travel.ujetix.Issues.Test.CreateIssueAndVerifyAdminRemarkInUserTest" name="createIssueAndVerifyAdminRemarkInUserTest" time="42.691"/>
  <testcase classname="com.travel.ujetix.ManageBooking.Test.ConfirmBookingAsAdminAnVerifyAsUserTest" name="confirmBookingAsAdminAnVerifyAsUserTest" time="46.284"/>
  <testcase classname="com.travel.ujetix.TourPackage.Test.CreateTourPackageTest" name="createTourPackageTest" time="43.367"/>
  <testcase classname="com.travel.ujetix.Issues.Test.VerifyCreatePackageAndUpdateRemarkOfCreatedIssueTest" name="verifyCreatePackageAndUpdateRemarkOfCreatedIssueTest" time="48.285"/>
  <testcase classname="com.travel.ujetix.Issues.Test.VerifyCreatePackageAndCheckStatusOfCreatedIssueTest" name="verifyCreatePackageAndCheckStatusOfCreatedIssueTest" time="52.764"/>
  <testcase classname="ujetix.GenericUtility.BaseClass" name="@BeforeSuite config_BS" time="0.0">
    <ignored/>
  </testcase> <!-- @BeforeSuite config_BS -->
  <testcase classname="ujetix.GenericUtility.BaseClass" name="@AfterSuite config_AS" time="0.0">
    <ignored/>
  </testcase> <!-- @AfterSuite config_AS -->
  <testcase classname="ujetix.GenericUtility.BaseClass" name="@AfterSuite config_AS" time="0.0">
    <ignored/>
  </testcase> <!-- @AfterSuite config_AS -->
  <testcase classname="ujetix.GenericUtility.BaseClass" name="@BeforeSuite config_BS" time="0.0">
    <ignored/>
  </testcase> <!-- @BeforeSuite config_BS -->
  <testcase classname="ujetix.GenericUtility.BaseClass" name="@BeforeSuite config_BS" time="0.0">
    <ignored/>
  </testcase> <!-- @BeforeSuite config_BS -->
  <testcase classname="ujetix.GenericUtility.BaseClass" name="@BeforeSuite config_BS" time="0.0">
    <ignored/>
  </testcase> <!-- @BeforeSuite config_BS -->
  <testcase classname="ujetix.GenericUtility.BaseClass" name="@AfterSuite config_AS" time="0.0">
    <ignored/>
  </testcase> <!-- @AfterSuite config_AS -->
  <testcase classname="ujetix.GenericUtility.BaseClass" name="@AfterSuite config_AS" time="0.0">
    <ignored/>
  </testcase> <!-- @AfterSuite config_AS -->
  <testcase classname="ujetix.GenericUtility.BaseClass" name="@AfterSuite config_AS" time="0.0">
    <ignored/>
  </testcase> <!-- @AfterSuite config_AS -->
  <testcase classname="ujetix.GenericUtility.BaseClass" name="@BeforeSuite config_BS" time="0.0">
    <ignored/>
  </testcase> <!-- @BeforeSuite config_BS -->
  <testcase classname="ujetix.GenericUtility.BaseClass" name="@AfterSuite config_AS" time="0.0">
    <ignored/>
  </testcase> <!-- @AfterSuite config_AS -->
  <testcase classname="ujetix.GenericUtility.BaseClass" name="@BeforeSuite config_BS" time="0.0">
    <ignored/>
  </testcase> <!-- @BeforeSuite config_BS -->
  <testcase classname="ujetix.GenericUtility.BaseClass" name="@AfterSuite config_AS" time="0.0">
    <ignored/>
  </testcase> <!-- @AfterSuite config_AS -->
  <testcase classname="ujetix.GenericUtility.BaseClass" name="@BeforeSuite config_BS" time="0.0">
    <ignored/>
  </testcase> <!-- @BeforeSuite config_BS -->
</testsuite> <!-- Test -->
