<?xml version="1.0" encoding="UTF-8"?>
<!-- Generated by org.testng.reporters.JUnitXMLReporter -->
<testsuite ignored="6" hostname="LAPTOP-JH6L6V8L" failures="0" tests="4" name="Test" time="64.179" errors="0" timestamp="2023-05-29T15:11:31 IST">
  <testcase classname="com.travel.ujetix.TourPackage.Test.CreateTourPackageTest" name="createTourPackageTest" time="13.458"/>
  <testcase classname="com.travel.ujetix.TourPackage.Test.BookTourPackageTest" name="bookTourPackageTest" time="6.934"/>
  <testcase classname="com.travel.ujetix.TourPackage.Test.CreatePackageAndEnquiryForItTest" name="createPackageAndEnquiryForItTest" time="13.152"/>
  <testcase classname="com.travel.ujetix.SignUp.Test.CreateUserAndUpdateUsernameTest" name="createUserAndUpdateUsernameTest" time="7.07"/>
  <testcase classname="ujetix.GenericUtility.BaseClass" name="@BeforeSuite config_BS" time="0.0">
    <ignored/>
  </testcase> <!-- @BeforeSuite config_BS -->
  <testcase classname="ujetix.GenericUtility.BaseClass" name="@BeforeSuite config_BS" time="0.0">
    <ignored/>
  </testcase> <!-- @BeforeSuite config_BS -->
  <testcase classname="ujetix.GenericUtility.BaseClass" name="@AfterSuite config_AS" time="0.0">
    <ignored/>
  </testcase> <!-- @AfterSuite config_AS -->
  <testcase classname="ujetix.GenericUtility.BaseClass" name="@AfterSuite config_AS" time="0.0">
    <ignored/>
  </testcase> <!-- @AfterSuite config_AS -->
  <testcase classname="ujetix.GenericUtility.BaseClass" name="@AfterSuite config_AS" time="0.0">
    <ignored/>
  </testcase> <!-- @AfterSuite config_AS -->
  <testcase classname="ujetix.GenericUtility.BaseClass" name="@BeforeSuite config_BS" time="0.0">
    <ignored/>
  </testcase> <!-- @BeforeSuite config_BS -->
</testsuite> <!-- Test -->
