<?xml version="1.0" encoding="UTF-8"?>
<!-- Generated by org.testng.reporters.JUnitXMLReporter -->
<testsuite ignored="2" hostname="LAPTOP-JH6L6V8L" failures="0" tests="2" name="Default test" time="0.072" errors="0" timestamp="2023-05-31T09:32:12 IST">
  <testcase classname="com.travel.ujetix.PracticePackage.TestNgPractice" name="create" time="0.015"/>
  <testcase classname="com.travel.ujetix.PracticePackage.TestNgPractice" name="delete" time="0.002"/>
  <testcase classname="com.travel.ujetix.PracticePackage.TestNgPractice" name="update" time="0.0">
    <ignored/>
  </testcase> <!-- update -->
  <testcase classname="com.travel.ujetix.PracticePackage.TestNgPractice" name="demo" time="0.0">
    <ignored/>
  </testcase> <!-- demo -->
</testsuite> <!-- Default test -->
