<?xml version="1.0" encoding="UTF-8"?>
<!-- Generated by org.testng.reporters.JUnitXMLReporter -->
<testsuite ignored="2" hostname="LAPTOP-JH6L6V8L" failures="0" tests="2" name="Integration_Test" time="27.789" errors="0" timestamp="2023-05-26T17:13:38 IST">
  <testcase classname="com.travel.ujetix.ManageBooking.Test.ConfirmBookingAsAdminAnVerifyAsUserTest" name="confirmBookingAsAdminAnVerifyAsUserTest" time="11.548"/>
  <testcase classname="com.travel.ujetix.TourPackage.Test.CreateTourPackageTest" name="createTourPackageTest" time="6.165"/>
  <testcase classname="ujetix.GenericUtility.BaseClass" name="@BeforeSuite config_BS" time="0.0">
    <ignored/>
  </testcase> <!-- @BeforeSuite config_BS -->
  <testcase classname="ujetix.GenericUtility.BaseClass" name="@AfterSuite config_AS" time="0.0">
    <ignored/>
  </testcase> <!-- @AfterSuite config_AS -->
</testsuite> <!-- Integration_Test -->
